# JRE version: Java(TM) SE Runtime Environment (21.0.8+12) (build 21.0.8+12-LTS-250)
# Java VM: Java HotSpot(TM) 64-Bit Server VM (21.0.8+12-LTS-250, mixed mode, sharing, tiered, compressed oops, compressed class ptrs, g1 gc, windows-amd64)
GC Precious Log:
 CardTable entry size: 512
 Card Set container configuration: InlinePtr #cards 5 size 8 Array Of Cards #cards 12 size 40 Howl #buckets 4 coarsen threshold 1843 Howl Bitmap #cards 512 size 80 coarsen threshold 460 Card regions per heap region 1 cards per card region 2048
 CPUs: 12 total, 12 available
 Memory: 15710M
 Large Page Support: Disabled
 NUMA Support: Disabled
 Compressed Oops: Enabled (32-bit)
 Heap Region Size: 1M
 Heap Min Capacity: 8M
 Heap Initial Capacity: 246M
 Heap Max Capacity: 2G
 Pre-touch: Disabled
 Parallel Workers: 10
 Concurrent Workers: 3
 Concurrent Refinement Workers: 10
 Periodic GC: Disabled
Heap:
 garbage-first heap   total 390144K, used 260203K [0x0000000080000000, 0x0000000100000000)
  region size 1024K, 209 young (214016K), 17 survivors (17408K)
 Metaspace       used 48648K, committed 50176K, reserved 491520K
  class space    used 6664K, committed 7424K, reserved 425984K
GC Heap History (20 events):
Event: 10.270 GC heap before
{Heap before GC invocations=38 (full 0):
 garbage-first heap   total 270336K, used 203519K [0x0000000080000000, 0x0000000100000000)
  region size 1024K, 158 young (161792K), 10 survivors (10240K)
 Metaspace       used 48589K, committed 50176K, reserved 491520K
  class space    used 6656K, committed 7424K, reserved 425984K
}
Event: 10.275 GC heap after
{Heap after GC invocations=39 (full 0):
 garbage-first heap   total 270336K, used 53431K [0x0000000080000000, 0x0000000100000000)
  region size 1024K, 11 young (11264K), 11 survivors (11264K)
 Metaspace       used 48589K, committed 50176K, reserved 491520K
  class space    used 6656K, committed 7424K, reserved 425984K
}
Event: 10.433 GC heap before
{Heap before GC invocations=39 (full 0):
 garbage-first heap   total 270336K, used 203959K [0x0000000080000000, 0x0000000100000000)
  region size 1024K, 158 young (161792K), 11 survivors (11264K)
 Metaspace       used 48589K, committed 50176K, reserved 491520K
  class space    used 6656K, committed 7424K, reserved 425984K
}
Event: 10.437 GC heap after
{Heap after GC invocations=40 (full 0):
 garbage-first heap   total 270336K, used 54681K [0x0000000080000000, 0x0000000100000000)
  region size 1024K, 11 young (11264K), 11 survivors (11264K)
 Metaspace       used 48589K, committed 50176K, reserved 491520K
  class space    used 6656K, committed 7424K, reserved 425984K
}
Event: 10.590 GC heap before
{Heap before GC invocations=40 (full 0):
 garbage-first heap   total 270336K, used 205209K [0x0000000080000000, 0x0000000100000000)
  region size 1024K, 158 young (161792K), 11 survivors (11264K)
 Metaspace       used 48589K, committed 50176K, reserved 491520K
  class space    used 6656K, committed 7424K, reserved 425984K
}
Event: 10.595 GC heap after
{Heap after GC invocations=41 (full 0):
 garbage-first heap   total 324608K, used 55380K [0x0000000080000000, 0x0000000100000000)
  region size 1024K, 11 young (11264K), 11 survivors (11264K)
 Metaspace       used 48589K, committed 50176K, reserved 491520K
  class space    used 6656K, committed 7424K, reserved 425984K
}
Event: 10.791 GC heap before
{Heap before GC invocations=41 (full 0):
 garbage-first heap   total 324608K, used 238676K [0x0000000080000000, 0x0000000100000000)
  region size 1024K, 190 young (194560K), 11 survivors (11264K)
 Metaspace       used 48594K, committed 50176K, reserved 491520K
  class space    used 6656K, committed 7424K, reserved 425984K
}
Event: 10.796 GC heap after
{Heap after GC invocations=42 (full 0):
 garbage-first heap   total 324608K, used 56448K [0x0000000080000000, 0x0000000100000000)
  region size 1024K, 12 young (12288K), 12 survivors (12288K)
 Metaspace       used 48594K, committed 50176K, reserved 491520K
  class space    used 6656K, committed 7424K, reserved 425984K
}
Event: 10.976 GC heap before
{Heap before GC invocations=42 (full 0):
 garbage-first heap   total 324608K, used 238720K [0x0000000080000000, 0x0000000100000000)
  region size 1024K, 190 young (194560K), 12 survivors (12288K)
 Metaspace       used 48595K, committed 50176K, reserved 491520K
  class space    used 6656K, committed 7424K, reserved 425984K
}
Event: 10.981 GC heap after
{Heap after GC invocations=43 (full 0):
 garbage-first heap   total 324608K, used 57460K [0x0000000080000000, 0x0000000100000000)
  region size 1024K, 12 young (12288K), 12 survivors (12288K)
 Metaspace       used 48595K, committed 50176K, reserved 491520K
  class space    used 6656K, committed 7424K, reserved 425984K
}
Event: 11.197 GC heap before
{Heap before GC invocations=43 (full 0):
 garbage-first heap   total 324608K, used 239732K [0x0000000080000000, 0x0000000100000000)
  region size 1024K, 190 young (194560K), 12 survivors (12288K)
 Metaspace       used 48596K, committed 50176K, reserved 491520K
  class space    used 6656K, committed 7424K, reserved 425984K
}
Event: 11.201 GC heap after
{Heap after GC invocations=44 (full 0):
 garbage-first heap   total 324608K, used 58317K [0x0000000080000000, 0x0000000100000000)
  region size 1024K, 13 young (13312K), 13 survivors (13312K)
 Metaspace       used 48596K, committed 50176K, reserved 491520K
  class space    used 6656K, committed 7424K, reserved 425984K
}
Event: 11.401 GC heap before
{Heap before GC invocations=44 (full 0):
 garbage-first heap   total 324608K, used 239565K [0x0000000080000000, 0x0000000100000000)
  region size 1024K, 190 young (194560K), 13 survivors (13312K)
 Metaspace       used 48596K, committed 50176K, reserved 491520K
  class space    used 6656K, committed 7424K, reserved 425984K
}
Event: 11.406 GC heap after
{Heap after GC invocations=45 (full 0):
 garbage-first heap   total 324608K, used 59998K [0x0000000080000000, 0x0000000100000000)
  region size 1024K, 14 young (14336K), 14 survivors (14336K)
 Metaspace       used 48596K, committed 50176K, reserved 491520K
  class space    used 6656K, committed 7424K, reserved 425984K
}
Event: 11.583 GC heap before
{Heap before GC invocations=45 (full 0):
 garbage-first heap   total 324608K, used 241246K [0x0000000080000000, 0x0000000100000000)
  region size 1024K, 190 young (194560K), 14 survivors (14336K)
 Metaspace       used 48598K, committed 50176K, reserved 491520K
  class space    used 6656K, committed 7424K, reserved 425984K
}
Event: 11.787 GC heap after
{Heap after GC invocations=46 (full 0):
 garbage-first heap   total 390144K, used 61088K [0x0000000080000000, 0x0000000100000000)
  region size 1024K, 14 young (14336K), 14 survivors (14336K)
 Metaspace       used 48598K, committed 50176K, reserved 491520K
  class space    used 6656K, committed 7424K, reserved 425984K
}
Event: 12.039 GC heap before
{Heap before GC invocations=46 (full 0):
 garbage-first heap   total 390144K, used 280224K [0x0000000080000000, 0x0000000100000000)
  region size 1024K, 228 young (233472K), 14 survivors (14336K)
 Metaspace       used 48636K, committed 50176K, reserved 491520K
  class space    used 6664K, committed 7424K, reserved 425984K
}
Event: 12.045 GC heap after
{Heap after GC invocations=47 (full 0):
 garbage-first heap   total 390144K, used 62185K [0x0000000080000000, 0x0000000100000000)
  region size 1024K, 15 young (15360K), 15 survivors (15360K)
 Metaspace       used 48636K, committed 50176K, reserved 491520K
  class space    used 6664K, committed 7424K, reserved 425984K
}
Event: 12.302 GC heap before
{Heap before GC invocations=47 (full 0):
 garbage-first heap   total 390144K, used 280297K [0x0000000080000000, 0x0000000100000000)
  region size 1024K, 228 young (233472K), 15 survivors (15360K)
 Metaspace       used 48647K, committed 50176K, reserved 491520K
  class space    used 6664K, committed 7424K, reserved 425984K
}
Event: 12.308 GC heap after
{Heap after GC invocations=48 (full 0):
 garbage-first heap   total 390144K, used 64619K [0x0000000080000000, 0x0000000100000000)
  region size 1024K, 17 young (17408K), 17 survivors (17408K)
 Metaspace       used 48647K, committed 50176K, reserved 491520K
  class space    used 6664K, committed 7424K, reserved 425984K
}

